{"E:\\gptchat\\ai-website\\src\\api\\base_request.ts": {"path":"E:\\gptchat\\ai-website\\src\\api\\base_request.ts","statementMap":{"0":{"start":{"line":1,"column":0},"end":{"line":1,"column":31}},"1":{"start":{"line":2,"column":0},"end":{"line":2,"column":26}},"2":{"start":{"line":3,"column":0},"end":{"line":3,"column":50}},"3":{"start":{"line":11,"column":23},"end":{"line":28,"column":1}},"4":{"start":{"line":12,"column":4},"end":{"line":12,"column":null}},"5":{"start":{"line":13,"column":4},"end":{"line":27,"column":7}},"6":{"start":{"line":23,"column":8},"end":{"line":23,"column":null}},"7":{"start":{"line":24,"column":8},"end":{"line":24,"column":29}},"8":{"start":{"line":26,"column":8},"end":{"line":26,"column":69}},"9":{"start":{"line":11,"column":13},"end":{"line":11,"column":23}},"10":{"start":{"line":31,"column":22},"end":{"line":33,"column":1}},"11":{"start":{"line":32,"column":4},"end":{"line":32,"column":94}}},"fnMap":{"0":{"name":"(anonymous_1)","decl":{"start":{"line":11,"column":23},"end":{"line":11,"column":24}},"loc":{"start":{"line":11,"column":61},"end":{"line":28,"column":1}}},"1":{"name":"(anonymous_2)","decl":{"start":{"line":22,"column":12},"end":{"line":22,"column":20}},"loc":{"start":{"line":22,"column":23},"end":{"line":25,"column":5}}},"2":{"name":"(anonymous_3)","decl":{"start":{"line":25,"column":13},"end":{"line":25,"column":18}},"loc":{"start":{"line":25,"column":21},"end":{"line":27,"column":5}}},"3":{"name":"(anonymous_4)","decl":{"start":{"line":31,"column":22},"end":{"line":31,"column":23}},"loc":{"start":{"line":31,"column":41},"end":{"line":33,"column":1}}}},"branchMap":{"0":{"loc":{"start":{"line":20,"column":9},"end":{"line":20,"column":50}},"type":"cond-expr","locations":[{"start":{"line":20,"column":33},"end":{"line":20,"column":39}},{"start":{"line":20,"column":42},"end":{"line":20,"column":50}}]},"1":{"loc":{"start":{"line":32,"column":11},"end":{"line":32,"column":93}},"type":"binary-expr","locations":[{"start":{"line":32,"column":11},"end":{"line":32,"column":27}},{"start":{"line":32,"column":31},"end":{"line":32,"column":48}},{"start":{"line":32,"column":52},"end":{"line":32,"column":71}},{"start":{"line":32,"column":75},"end":{"line":32,"column":93}}]}},"s":{"0":1,"1":1,"2":1,"3":1,"4":1,"5":1,"6":1,"7":1,"8":0,"9":1,"10":1,"11":1},"f":{"0":1,"1":1,"2":0,"3":1},"b":{"0":[1,0],"1":[1,1,0,0]}}
,"E:\\gptchat\\ai-website\\src\\api\\url.ts": {"path":"E:\\gptchat\\ai-website\\src\\api\\url.ts","statementMap":{"0":{"start":{"line":10,"column":21},"end":{"line":12,"column":null}},"1":{"start":{"line":14,"column":22},"end":{"line":16,"column":null}},"2":{"start":{"line":19,"column":13},"end":{"line":25,"column":null}}},"fnMap":{},"branchMap":{},"s":{"0":1,"1":1,"2":1},"f":{},"b":{}}
,"E:\\gptchat\\ai-website\\src\\api\\request\\chat.ts": {"path":"E:\\gptchat\\ai-website\\src\\api\\request\\chat.ts","statementMap":{"0":{"start":{"line":1,"column":0},"end":{"line":1,"column":32}},"1":{"start":{"line":2,"column":0},"end":{"line":2,"column":43}},"2":{"start":{"line":3,"column":0},"end":{"line":3,"column":53}},"3":{"start":{"line":12,"column":32},"end":{"line":24,"column":1}},"4":{"start":{"line":13,"column":4},"end":{"line":23,"column":null}},"5":{"start":{"line":12,"column":13},"end":{"line":12,"column":32}},"6":{"start":{"line":26,"column":29},"end":{"line":29,"column":null}},"7":{"start":{"line":33,"column":32},"end":{"line":48,"column":1}},"8":{"start":{"line":34,"column":16},"end":{"line":34,"column":39}},"9":{"start":{"line":36,"column":21},"end":{"line":41,"column":null}},"10":{"start":{"line":43,"column":4},"end":{"line":47,"column":null}},"11":{"start":{"line":33,"column":13},"end":{"line":33,"column":32}}},"fnMap":{"0":{"name":"(anonymous_0)","decl":{"start":{"line":12,"column":32},"end":{"line":12,"column":49}},"loc":{"start":{"line":12,"column":51},"end":{"line":24,"column":1}}},"1":{"name":"(anonymous_1)","decl":{"start":{"line":33,"column":32},"end":{"line":33,"column":33}},"loc":{"start":{"line":33,"column":50},"end":{"line":48,"column":1}}}},"branchMap":{},"s":{"0":1,"1":1,"2":1,"3":1,"4":0,"5":1,"6":1,"7":1,"8":1,"9":1,"10":1,"11":1},"f":{"0":0,"1":1},"b":{}}
,"E:\\gptchat\\ai-website\\src\\api\\request\\chat_base_setting.ts": {"path":"E:\\gptchat\\ai-website\\src\\api\\request\\chat_base_setting.ts","statementMap":{"0":{"start":{"line":1,"column":13},"end":{"line":1,"column":null}},"1":{"start":{"line":3,"column":0},"end":{"line":3,"column":null}},"2":{"start":{"line":4,"column":4},"end":{"line":4,"column":null}},"3":{"start":{"line":5,"column":4},"end":{"line":5,"column":null}}},"fnMap":{"0":{"name":"(anonymous_0)","decl":{"start":{"line":3,"column":0},"end":{"line":3,"column":12}},"loc":{"start":{"line":3,"column":16},"end":{"line":6,"column":1}}}},"branchMap":{"0":{"loc":{"start":{"line":3,"column":12},"end":{"line":3,"column":null}},"type":"binary-expr","locations":[{"start":{"line":3,"column":12},"end":{"line":3,"column":16}},{"start":{"line":3,"column":16},"end":{"line":3,"column":null}}]}},"s":{"0":1,"1":1,"2":1,"3":1},"f":{"0":1},"b":{"0":[1,1]}}
,"E:\\gptchat\\ai-website\\src\\api\\request\\token.ts": {"path":"E:\\gptchat\\ai-website\\src\\api\\request\\token.ts","statementMap":{"0":{"start":{"line":17,"column":0},"end":{"line":17,"column":32}},"1":{"start":{"line":18,"column":0},"end":{"line":18,"column":43}},"2":{"start":{"line":20,"column":26},"end":{"line":26,"column":1}},"3":{"start":{"line":21,"column":4},"end":{"line":25,"column":null}},"4":{"start":{"line":20,"column":13},"end":{"line":20,"column":26}}},"fnMap":{"0":{"name":"(anonymous_0)","decl":{"start":{"line":20,"column":26},"end":{"line":20,"column":27}},"loc":{"start":{"line":20,"column":54},"end":{"line":26,"column":1}}}},"branchMap":{},"s":{"0":1,"1":1,"2":1,"3":0,"4":1},"f":{"0":0},"b":{}}
,"E:\\gptchat\\ai-website\\src\\utils\\tokenUtils.ts": {"path":"E:\\gptchat\\ai-website\\src\\utils\\tokenUtils.ts","statementMap":{"0":{"start":{"line":1,"column":0},"end":{"line":1,"column":65}},"1":{"start":{"line":3,"column":18},"end":{"line":5,"column":1}},"2":{"start":{"line":4,"column":4},"end":{"line":4,"column":null}},"3":{"start":{"line":7,"column":17},"end":{"line":11,"column":1}},"4":{"start":{"line":10,"column":4},"end":{"line":10,"column":null}},"5":{"start":{"line":13,"column":20},"end":{"line":15,"column":1}},"6":{"start":{"line":14,"column":4},"end":{"line":14,"column":null}},"7":{"start":{"line":18,"column":13},"end":{"line":22,"column":null}}},"fnMap":{"0":{"name":"(anonymous_0)","decl":{"start":{"line":3,"column":18},"end":{"line":3,"column":19}},"loc":{"start":{"line":3,"column":36},"end":{"line":5,"column":1}}},"1":{"name":"(anonymous_1)","decl":{"start":{"line":7,"column":17},"end":{"line":7,"column":20}},"loc":{"start":{"line":7,"column":22},"end":{"line":11,"column":1}}},"2":{"name":"(anonymous_2)","decl":{"start":{"line":13,"column":20},"end":{"line":13,"column":23}},"loc":{"start":{"line":13,"column":25},"end":{"line":15,"column":1}}}},"branchMap":{"0":{"loc":{"start":{"line":10,"column":11},"end":{"line":10,"column":57}},"type":"binary-expr","locations":[{"start":{"line":10,"column":11},"end":{"line":10,"column":23}},{"start":{"line":10,"column":27},"end":{"line":10,"column":57}}]}},"s":{"0":1,"1":1,"2":0,"3":1,"4":1,"5":1,"6":0,"7":1},"f":{"0":0,"1":1,"2":0},"b":{"0":[1,0]}}
}
