TN:
SF:src\api\base_request.ts
FN:11,(anonymous_1)
FN:22,(anonymous_2)
FN:25,(anonymous_3)
FN:31,(anonymous_4)
FNF:4
FNH:3
FNDA:1,(anonymous_1)
FNDA:1,(anonymous_2)
FNDA:0,(anonymous_3)
FNDA:1,(anonymous_4)
DA:1,1
DA:2,1
DA:3,1
DA:11,1
DA:12,1
DA:13,1
DA:23,1
DA:24,1
DA:26,0
DA:31,1
DA:32,1
LF:11
LH:10
BRDA:20,0,0,1
BRDA:20,0,1,0
BRDA:32,1,0,1
BRDA:32,1,1,1
BRDA:32,1,2,0
BRDA:32,1,3,0
BRF:6
BRH:3
end_of_record
TN:
SF:src\api\url.ts
FNF:0
FNH:0
DA:10,1
DA:14,1
DA:19,1
LF:3
LH:3
BRF:0
BRH:0
end_of_record
TN:
SF:src\api\request\chat.ts
FN:12,(anonymous_0)
FN:33,(anonymous_1)
FNF:2
FNH:1
FNDA:0,(anonymous_0)
FNDA:1,(anonymous_1)
DA:1,1
DA:2,1
DA:3,1
DA:12,1
DA:13,0
DA:26,1
DA:33,1
DA:34,1
DA:36,1
DA:43,1
LF:10
LH:9
BRF:0
BRH:0
end_of_record
TN:
SF:src\api\request\chat_base_setting.ts
FN:3,(anonymous_0)
FNF:1
FNH:1
FNDA:1,(anonymous_0)
DA:1,1
DA:3,1
DA:4,1
DA:5,1
LF:4
LH:4
BRDA:3,0,0,1
BRDA:3,0,1,1
BRF:2
BRH:2
end_of_record
TN:
SF:src\api\request\token.ts
FN:20,(anonymous_0)
FNF:1
FNH:0
FNDA:0,(anonymous_0)
DA:17,1
DA:18,1
DA:20,1
DA:21,0
LF:4
LH:3
BRF:0
BRH:0
end_of_record
TN:
SF:src\utils\tokenUtils.ts
FN:3,(anonymous_0)
FN:7,(anonymous_1)
FN:13,(anonymous_2)
FNF:3
FNH:1
FNDA:0,(anonymous_0)
FNDA:1,(anonymous_1)
FNDA:0,(anonymous_2)
DA:1,1
DA:3,1
DA:4,0
DA:7,1
DA:10,1
DA:13,1
DA:14,0
DA:18,1
LF:8
LH:6
BRDA:10,0,0,1
BRDA:10,0,1,0
BRF:2
BRH:1
end_of_record
